<?xml version="1.0" encoding="UTF-8"?>
<robot generator="Robot 4.1.2 (Python 3.10.0 on win32)" generated="20211021 18:31:50.646" rpa="false" schemaversion="2">
<suite id="s1" name="Webautomation" source="C:\Users\Carli\Desktop\Curso-PrimeHero\tests\webautomation.robot">
<test id="s1-t1" name="Caso de Teste 01: Pesquisar produto existente">
<kw name="Abrir navegador" library="kws_webautomation" type="SETUP">
<kw name="Open Browser" library="SeleniumLibrary">
<arg>browser=${BROWSER}</arg>
<doc>Opens a new browser instance to the optional ``url``.</doc>
<msg timestamp="20211021 18:31:50.836" level="INFO">Opening browser 'chrome' to base url 'None'.</msg>
<status status="PASS" starttime="20211021 18:31:50.836" endtime="20211021 18:31:51.974"/>
</kw>
<kw name="Maximize Browser Window" library="SeleniumLibrary">
<doc>Maximizes current browser window.</doc>
<status status="PASS" starttime="20211021 18:31:51.974" endtime="20211021 18:31:52.089"/>
</kw>
<status status="PASS" starttime="20211021 18:31:50.835" endtime="20211021 18:31:52.089"/>
</kw>
<kw name="Acessar a página home do site Automation Practice" library="kws_webautomation">
<kw name="Go To" library="SeleniumLibrary">
<arg>${URL}</arg>
<doc>Navigates the current browser window to the provided ``url``.</doc>
<msg timestamp="20211021 18:31:52.090" level="INFO">Opening url 'http://automationpractice.com/index.php'</msg>
<status status="PASS" starttime="20211021 18:31:52.089" endtime="20211021 18:31:56.285"/>
</kw>
<kw name="Title Should Be" library="SeleniumLibrary">
<arg>My Store</arg>
<doc>Verifies that the current page title equals ``title``.</doc>
<msg timestamp="20211021 18:31:56.288" level="INFO">Page title is 'My Store'.</msg>
<status status="PASS" starttime="20211021 18:31:56.285" endtime="20211021 18:31:56.288"/>
</kw>
<kw name="Wait Until Element Is Visible" library="SeleniumLibrary">
<arg>xpath=//*[@id="block_top_menu"]/ul</arg>
<doc>Waits until the element ``locator`` is visible.</doc>
<status status="PASS" starttime="20211021 18:31:56.288" endtime="20211021 18:31:56.304"/>
</kw>
<status status="PASS" starttime="20211021 18:31:52.089" endtime="20211021 18:31:56.304"/>
</kw>
<kw name="Digitar o nome do produto &quot;Blouse&quot; no campo de pesquisa" library="kws_webautomation" sourcename="Digitar o nome do produto &quot;${PRODUTO}&quot; no campo de pesquisa">
<kw name="Input Text" library="SeleniumLibrary">
<arg>id=search_query_top</arg>
<arg>${PRODUTO}</arg>
<doc>Types the given ``text`` into the text field identified by ``locator``.</doc>
<msg timestamp="20211021 18:31:56.305" level="INFO">Typing text 'Blouse' into text field 'id=search_query_top'.</msg>
<status status="PASS" starttime="20211021 18:31:56.304" endtime="20211021 18:31:56.351"/>
</kw>
<status status="PASS" starttime="20211021 18:31:56.304" endtime="20211021 18:31:56.351"/>
</kw>
<kw name="Clicar no botão pesquisar" library="kws_webautomation">
<kw name="Click Element" library="SeleniumLibrary">
<arg>name=submit_search</arg>
<doc>Click the element identified by ``locator``.</doc>
<msg timestamp="20211021 18:31:56.352" level="INFO">Clicking element 'name=submit_search'.</msg>
<status status="PASS" starttime="20211021 18:31:56.351" endtime="20211021 18:31:57.989"/>
</kw>
<status status="PASS" starttime="20211021 18:31:56.351" endtime="20211021 18:31:57.989"/>
</kw>
<kw name="Conferir se o produto &quot;Blouse&quot; foi listado no site" library="kws_webautomation" sourcename="Conferir se o produto &quot;${PRODUTO}&quot; foi listado no site">
<kw name="Page Should Contain Image" library="SeleniumLibrary">
<arg>xpath=//*[@id="center_column"]//*[@src='http://automationpractice.com/img/p/7/7-home_default.jpg']</arg>
<doc>Verifies image identified by ``locator`` is found from current page.</doc>
<msg timestamp="20211021 18:31:58.002" level="INFO">Current page contains image 'xpath=//*[@id="center_column"]//*[@src='http://automationpractice.com/img/p/7/7-home_default.jpg']'.</msg>
<status status="PASS" starttime="20211021 18:31:57.990" endtime="20211021 18:31:58.002"/>
</kw>
<kw name="Title Should Be" library="SeleniumLibrary">
<arg>Search - My Store</arg>
<doc>Verifies that the current page title equals ``title``.</doc>
<msg timestamp="20211021 18:31:58.004" level="INFO">Page title is 'Search - My Store'.</msg>
<status status="PASS" starttime="20211021 18:31:58.002" endtime="20211021 18:31:58.004"/>
</kw>
<status status="PASS" starttime="20211021 18:31:57.989" endtime="20211021 18:31:58.004"/>
</kw>
<kw name="Fechar navegador" library="kws_webautomation" type="TEARDOWN">
<kw name="Capture Page Screenshot" library="SeleniumLibrary">
<doc>Takes a screenshot of the current page and embeds it into a log file.</doc>
<msg timestamp="20211021 18:31:58.149" level="INFO" html="true">&lt;/td&gt;&lt;/tr&gt;&lt;tr&gt;&lt;td colspan="3"&gt;&lt;a href="selenium-screenshot-1.png"&gt;&lt;img src="selenium-screenshot-1.png" width="800px"&gt;&lt;/a&gt;</msg>
<status status="PASS" starttime="20211021 18:31:58.004" endtime="20211021 18:31:58.149"/>
</kw>
<kw name="Close Browser" library="SeleniumLibrary">
<doc>Closes the current browser.</doc>
<status status="PASS" starttime="20211021 18:31:58.149" endtime="20211021 18:32:00.244"/>
</kw>
<status status="PASS" starttime="20211021 18:31:58.004" endtime="20211021 18:32:00.244"/>
</kw>
<tag>Testar</tag>
<status status="PASS" starttime="20211021 18:31:50.834" endtime="20211021 18:32:00.244"/>
</test>
<doc>Aqui estarao os primeiros testes automatizados Web</doc>
<status status="PASS" starttime="20211021 18:31:50.647" endtime="20211021 18:32:00.245"/>
</suite>
<statistics>
<total>
<stat pass="1" fail="0" skip="0">All Tests</stat>
</total>
<tag>
<stat pass="1" fail="0" skip="0">Testar</stat>
</tag>
<suite>
<stat pass="1" fail="0" skip="0" id="s1" name="Webautomation">Webautomation</stat>
</suite>
</statistics>
<errors>
</errors>
</robot>
